<?xml version="1.0" encoding="UTF-8"?>
<!-- Generated by org.testng.reporters.JUnitReportReporter -->
<testsuite hostname="ISYS-5059314.OSUMC.EDU" failures="0" tests="1" name="com.generics.ActiTime.BaseTest" time="13.392" errors="0" timestamp="23 Sep 2020 00:50:41 GMT" skipped="0">
  <testcase classname="com.generics.ActiTime.BaseTest" name="browser" time="13.392"/>
</testsuite> <!-- com.generics.ActiTime.BaseTest -->
