<?xml version="1.0" encoding="UTF-8"?>
<!-- Generated by org.testng.reporters.JUnitReportReporter -->
<testsuite hostname="ISYS-5051147.OSUMC.EDU" failures="0" tests="1" name="miscellaneous.TestVerifyErrorMessages" time="8.911" errors="0" timestamp="23 Sep 2020 22:03:26 GMT" skipped="0">
  <testcase classname="miscellaneous.TestVerifyErrorMessages" name="verifyerrormessages" time="8.911"/>
</testsuite> <!-- miscellaneous.TestVerifyErrorMessages -->
