<?xml version="1.0" encoding="UTF-8"?>
<!-- Generated by org.testng.reporters.JUnitReportReporter -->
<testsuite hostname="ISYS-5059314.OSUMC.EDU" failures="0" tests="2" name="miscellaneous.VerifyErrorMessages" time="17.101" errors="0" timestamp="22 Sep 2020 22:27:57 GMT" skipped="0">
  <testcase classname="miscellaneous.VerifyErrorMessages" name="browser" time="10.445"/>
  <testcase classname="miscellaneous.VerifyErrorMessages" name="verifyerrormessages" time="6.656"/>
</testsuite> <!-- miscellaneous.VerifyErrorMessages -->
